[2022-04-17 13:22:35,397-INFO]:加载配置文件：F:\python project\address_tool\config.ini
[2022-04-17 13:22:35,398-INFO]:配置项：['ak', 'days', 'is_switch', 'is_files', 'sep_location', 'is_header', 'maximum', 'threads', 'mongo_host', 'mongo_port', 'mongo_dbname', 'mongo_collection']
[2022-04-17 13:22:35,523-INFO]:配置加载完成！
[2022-04-17 13:23:09,728-INFO]:加载配置文件：F:\python project\address_tool\config.ini
[2022-04-17 13:23:09,729-INFO]:配置项：['ak', 'days', 'is_switch', 'is_files', 'sep_location', 'is_header', 'maximum', 'threads', 'mongo_host', 'mongo_port', 'mongo_dbname', 'mongo_collection']
[2022-04-17 13:23:09,850-INFO]:配置加载完成！
[2022-04-17 13:23:15,091-INFO]:crawled is 14
[2022-04-17 13:23:15,092-INFO]:only fetech address for 26.3459-104.35432
[2022-04-17 13:23:15,092-INFO]:only Access convertUrl: https://restapi.amap.com/v3/assistant/coordinate/convert?locations=104.35432,26.3459&coordsys=gps&key=436d4e1596444771edaa3c653544556a
[2022-04-17 13:23:15,490-INFO]:only Access url: https://restapi.amap.com/v3/geocode/regeo?location=104.356730957032,26.34259874132&roadlevel=1&key=436d4e1596444771edaa3c653544556a
[2022-04-17 13:23:15,829-INFO]:only fetech address for 23.77235-105.46257
[2022-04-17 13:23:15,829-INFO]:only Access convertUrl: https://restapi.amap.com/v3/assistant/coordinate/convert?locations=105.46257,23.77235&coordsys=gps&key=436d4e1596444771edaa3c653544556a
[2022-04-17 13:23:16,091-INFO]:only Access url: https://restapi.amap.com/v3/geocode/regeo?location=105.46586968316,23.769759657119&roadlevel=1&key=436d4e1596444771edaa3c653544556a
[2022-04-17 13:23:16,370-INFO]:only fetech address for 24.44389-98.1086
[2022-04-17 13:23:16,370-INFO]:only Access convertUrl: https://restapi.amap.com/v3/assistant/coordinate/convert?locations=98.1086,24.44389&coordsys=gps&key=436d4e1596444771edaa3c653544556a
[2022-04-17 13:23:16,643-INFO]:only Access url: https://restapi.amap.com/v3/geocode/regeo?location=98.109106987848,24.441096191407&roadlevel=1&key=436d4e1596444771edaa3c653544556a
[2022-04-17 13:23:16,933-INFO]:only fetech address for 28.51433-98.8694
[2022-04-17 13:23:16,933-INFO]:only Access convertUrl: https://restapi.amap.com/v3/assistant/coordinate/convert?locations=98.8694,28.51433&coordsys=gps&key=436d4e1596444771edaa3c653544556a
[2022-04-17 13:23:17,200-INFO]:only Access url: https://restapi.amap.com/v3/geocode/regeo?location=98.869867621528,28.510726453994&roadlevel=1&key=436d4e1596444771edaa3c653544556a
[2022-04-17 13:23:17,490-INFO]:only fetech address for 24.18846-97.99324
[2022-04-17 13:23:17,490-INFO]:only Access convertUrl: https://restapi.amap.com/v3/assistant/coordinate/convert?locations=97.99324,24.18846&coordsys=gps&key=436d4e1596444771edaa3c653544556a
[2022-04-17 13:23:17,783-INFO]:only Access url: https://restapi.amap.com/v3/geocode/regeo?location=97.9935413954,24.185543348525&roadlevel=1&key=436d4e1596444771edaa3c653544556a
[2022-04-17 13:23:18,077-INFO]:only fetech address for 25.158-98.20061
[2022-04-17 13:23:18,077-INFO]:only Access convertUrl: https://restapi.amap.com/v3/assistant/coordinate/convert?locations=98.20061,25.158&coordsys=gps&key=436d4e1596444771edaa3c653544556a
[2022-04-17 13:23:18,365-INFO]:only Access url: https://restapi.amap.com/v3/geocode/regeo?location=98.200962999132,25.15508436415&roadlevel=1&key=436d4e1596444771edaa3c653544556a
[2022-04-17 13:23:18,648-INFO]:only fetech address for 24.95613-97.7639
[2022-04-17 13:23:18,648-INFO]:only Access convertUrl: https://restapi.amap.com/v3/assistant/coordinate/convert?locations=97.7639,24.95613&coordsys=gps&key=436d4e1596444771edaa3c653544556a
[2022-04-17 13:23:18,927-INFO]:only Access url: https://restapi.amap.com/v3/geocode/regeo?location=97.764271104601,24.953139105903&roadlevel=1&key=436d4e1596444771edaa3c653544556a
[2022-04-17 13:23:19,199-INFO]:only fetech address for 23.0912-104.66331
[2022-04-17 13:23:19,199-INFO]:only Access convertUrl: https://restapi.amap.com/v3/assistant/coordinate/convert?locations=104.66331,23.0912&coordsys=gps&key=436d4e1596444771edaa3c653544556a
[2022-04-17 13:23:19,464-INFO]:only Access url: https://restapi.amap.com/v3/geocode/regeo?location=104.665526801216,23.088323838976&roadlevel=1&key=436d4e1596444771edaa3c653544556a
[2022-04-17 13:23:19,734-INFO]:only fetech address for 23.955-105.64247
[2022-04-17 13:23:19,735-INFO]:only Access convertUrl: https://restapi.amap.com/v3/assistant/coordinate/convert?locations=105.64247,23.955&coordsys=gps&key=436d4e1596444771edaa3c653544556a
[2022-04-17 13:23:20,013-INFO]:only Access url: https://restapi.amap.com/v3/geocode/regeo?location=105.645614420573,23.952092013889&roadlevel=1&key=436d4e1596444771edaa3c653544556a
[2022-04-17 13:23:20,283-INFO]:only fetech address for 23.00331-104.7361
[2022-04-17 13:23:20,283-INFO]:only Access convertUrl: https://restapi.amap.com/v3/assistant/coordinate/convert?locations=104.7361,23.00331&coordsys=gps&key=436d4e1596444771edaa3c653544556a
[2022-04-17 13:23:20,560-INFO]:only Access url: https://restapi.amap.com/v3/geocode/regeo?location=104.738498263889,23.00050374349&roadlevel=1&key=436d4e1596444771edaa3c653544556a
[2022-04-17 13:23:20,852-INFO]:only线程结束！
[2022-04-17 13:23:20,878-INFO]:导出开始！
[2022-04-17 13:23:20,878-INFO]:分段导出开始！
[2022-04-17 13:23:20,879-INFO]:分段_0，导出开始！
[2022-04-17 13:23:20,881-INFO]:分段_0，id：21.67716-100.0165，数据格式转换完成！
[2022-04-17 13:23:20,881-INFO]:分段_0，id：21.84927-99.80688，数据格式转换完成！
[2022-04-17 13:23:20,882-INFO]:分段_0，id：21.84827-99.80688，数据格式转换完成！
[2022-04-17 13:23:20,893-INFO]:分段_0，导出完成！
[2022-04-17 13:23:20,893-INFO]:分段_1，导出开始！
[2022-04-17 13:23:20,895-INFO]:分段_1，id：25.516062-103.782082，数据格式转换完成！
[2022-04-17 13:23:20,895-INFO]:分段_1，id：39.904619-116.397683，数据格式转换完成！
[2022-04-17 13:23:20,895-INFO]:分段_1，id：21.991231-100.332338，数据格式转换完成！
[2022-04-17 13:23:20,900-INFO]:分段_1，导出完成！
[2022-04-17 13:23:20,900-INFO]:分段_2，导出开始！
[2022-04-17 13:23:20,902-INFO]:分段_2，id：22.991231-101.332338，数据格式转换完成！
[2022-04-17 13:23:20,902-INFO]:分段_2，id：25.514062-103.782082，数据格式转换完成！
[2022-04-17 13:23:20,902-INFO]:分段_2，id：39.905619-116.397683，数据格式转换完成！
[2022-04-17 13:23:20,906-INFO]:分段_2，导出完成！
[2022-04-17 13:23:20,906-INFO]:分段_3，导出开始！
[2022-04-17 13:23:20,908-INFO]:分段_3，id：21.996231-100.332338，数据格式转换完成！
[2022-04-17 13:23:20,908-INFO]:分段_3，id：22.991331-101.332338，数据格式转换完成！
[2022-04-17 13:23:20,908-INFO]:分段_3，id：25.516562-103.782082，数据格式转换完成！
[2022-04-17 13:23:20,913-INFO]:分段_3，导出完成！
[2022-04-17 13:23:20,913-INFO]:分段_4，导出开始！
[2022-04-17 13:23:20,914-INFO]:分段_4，id：39.904619-116.397683，数据格式转换完成！
[2022-04-17 13:23:20,915-INFO]:分段_4，id：21.992231-100.332338，数据格式转换完成！
[2022-04-17 13:23:20,915-INFO]:分段_4，id：22.991431-101.332338，数据格式转换完成！
[2022-04-17 13:23:20,919-INFO]:分段_4，导出完成！
[2022-04-17 13:23:20,919-INFO]:分段_5，导出开始！
[2022-04-17 13:23:20,920-INFO]:分段_5，id：26.3459-104.35432，数据格式转换完成！
[2022-04-17 13:23:20,921-INFO]:分段_5，id：23.77235-105.46257，数据格式转换完成！
[2022-04-17 13:23:20,921-INFO]:分段_5，id：24.44389-98.1086，数据格式转换完成！
[2022-04-17 13:23:20,925-INFO]:分段_5，导出完成！
[2022-04-17 13:23:20,926-INFO]:分段_6，导出开始！
[2022-04-17 13:23:20,927-INFO]:分段_6，id：28.51433-98.8694，数据格式转换完成！
[2022-04-17 13:23:20,928-INFO]:分段_6，id：24.18846-97.99324，数据格式转换完成！
[2022-04-17 13:23:20,928-INFO]:分段_6，id：25.158-98.20061，数据格式转换完成！
[2022-04-17 13:23:20,932-INFO]:分段_6，导出完成！
[2022-04-17 13:23:20,932-INFO]:分段_7，导出开始！
[2022-04-17 13:23:20,934-INFO]:分段_7，id：24.95613-97.7639，数据格式转换完成！
[2022-04-17 13:23:20,934-INFO]:分段_7，id：23.0912-104.66331，数据格式转换完成！
[2022-04-17 13:23:20,934-INFO]:分段_7，id：23.955-105.64247，数据格式转换完成！
[2022-04-17 13:23:20,934-INFO]:分段_7，id：23.00331-104.7361，数据格式转换完成！
[2022-04-17 13:23:20,938-INFO]:分段_7，导出完成！
[2022-04-17 13:23:20,939-INFO]:所有分段导出结束！
[2022-04-17 13:23:20,939-INFO]:导出结束！
